============================= test session starts ==============================
collected 86 items

tests/test_adjectives.py ......                                          [  6%]
tests/test_aspects.py Fs.....s.....                                      [ 22%]
tests/test_cli.py .........                                              [ 32%]
tests/test_disambiguate.py ......                                        [ 39%]
tests/test_filter.py ....                                                [ 44%]
tests/test_init.py .                                                     [ 45%]
tests/test_models.py .........                                           [ 55%]
tests/test_run.py ......                                                 [ 62%]
tests/test_setup.py ............                                         [ 76%]
tests/test_summarize.py ....                                             [ 81%]
tests/test_topics.py ..........ss                                        [ 95%]
tests/test_vectorizer.py ....                                            [100%]

=================================== FAILURES ===================================
_______________ test_aspects__compound_noun_list__left_compound ________________

spacy_nlp = <spacy.lang.en.English object at 0xffff738b1550>

    def test_aspects__compound_noun_list__left_compound(spacy_nlp):
        example_text = "This is a wood screw."
>       assert compound_noun_list(spacy_nlp(example_text)[4]) == ["screw", "wood screw"]
E       AssertionError: assert ['screw'] == ['screw', 'wood screw']
E         
E         Right contains one more item: 'wood screw'
E         Use -v to get more diff

tests/test_aspects.py:23: AssertionError
=============================== warnings summary ===============================
tests/test_disambiguate.py::test__match
  /package/extra_model/_disambiguate.py:112: RuntimeWarning: invalid value encountered in divide
    contexts = [np.divide(context, np.linalg.norm(context)) for context in contexts]

-- Docs: https://docs.pytest.org/en/stable/how-to/capture-warnings.html
=========================== short test summary info ============================
FAILED tests/test_aspects.py::test_aspects__compound_noun_list__left_compound
============= 1 failed, 81 passed, 4 skipped, 1 warning in 12.48s ==============
