============================= test session starts ==============================
collected 86 items

tests/test_adjectives.py ......                                          [  6%]
tests/test_aspects.py Fs.....s.....                                      [ 22%]
tests/test_cli.py .........                                              [ 32%]
tests/test_disambiguate.py ......                                        [ 39%]
tests/test_filter.py ....                                                [ 44%]
tests/test_init.py .                                                     [ 45%]
tests/test_models.py .........                                           [ 55%]
tests/test_run.py ......                                                 [ 62%]
tests/test_setup.py ............                                         [ 76%]
tests/test_summarize.py ....                                             [ 81%]
tests/test_topics.py ..........ss                                        [ 95%]
tests/test_vectorizer.py ....                                            [100%]

=================================== FAILURES ===================================
_______________ test_aspects__compound_noun_list__left_compound ________________

spacy_nlp = <spacy.lang.en.English object at 0x3146108d0>

    def test_aspects__compound_noun_list__left_compound(spacy_nlp):
        example_text = "This is a wood screw."
>       assert compound_noun_list(spacy_nlp(example_text)[4]) == ["screw", "wood screw"]
E       AssertionError: assert ['screw'] == ['screw', 'wood screw']
E         
E         Right contains one more item: 'wood screw'
E         Use -v to get more diff

tests/test_aspects.py:23: AssertionError
=============================== warnings summary ===============================
tests/test_disambiguate.py::test__match
tests/test_models.py::test_predict
  /Users/misha/Documents/extra-model/extra_model/_disambiguate.py:112: RuntimeWarning: invalid value encountered in divide
    contexts = [np.divide(context, np.linalg.norm(context)) for context in contexts]

tests/test_models.py::test_predict
  /private/tmp/claude-501/-Users-misha-Documents-extra-model/9bdffa7f-ce7e-49ae-9095-b6f34c6ccf08/scratchpad/venv-baseline/lib/python3.11/site-packages/networkx/utils/decorators.py:770: FutureWarning: steiner_tree will change default method from 'kou' to 'mehlhorn' in version 3.2.
  Set the `method` kwarg to remove this warning.
    return argmap._lazy_compile(__wrapper)(*args, **kwargs)

tests/test_models.py::test_predict
tests/test_topics.py::test__aggregate
  /Users/misha/Documents/extra-model/extra_model/_topics.py:158: FutureWarning: steiner_tree will change default method from 'kou' to 'mehlhorn' in version 3.2.
  Set the `method` kwarg to remove this warning.
    pruned_tree = approximation.steiner_tree(

-- Docs: https://docs.pytest.org/en/stable/how-to/capture-warnings.html

--------- coverage: platform darwin, python 3.11.15-final-0 ----------
Name                           Stmts   Miss  Cover
--------------------------------------------------
extra_model/__init__.py            2      0   100%
extra_model/_adjectives.py        95      0   100%
extra_model/_aspects.py           68      1    99%
extra_model/_cli.py               34      0   100%
extra_model/_disambiguate.py      86      0   100%
extra_model/_errors.py             1      0   100%
extra_model/_filter.py            15      0   100%
extra_model/_models.py            86     13    85%
extra_model/_run.py               29      0   100%
extra_model/_setup.py             63      0   100%
extra_model/_summarize.py         45      0   100%
extra_model/_topics.py           172      2    99%
extra_model/_vectorizer.py        17      0   100%
--------------------------------------------------
TOTAL                            713     16    98%
Coverage HTML written to dir cov_html

=========================== short test summary info ============================
FAILED tests/test_aspects.py::test_aspects__compound_noun_list__left_compound
============= 1 failed, 81 passed, 4 skipped, 5 warnings in 23.89s =============
